<?xml version="1.0" encoding="UTF-8"?>
<!-- Generated by org.testng.reporters.JUnitReportReporter -->
<testsuite hostname="zxm" name="com.course.cases.GetUserInfoListTest" tests="1" failures="1" timestamp="26 Jan 2019 13:31:12 GMT" time="0.001" errors="0">
  <testcase name="getUserListInfo" time="0.001" classname="com.course.cases.GetUserInfoListTest"/>
</testsuite> <!-- com.course.cases.GetUserInfoListTest -->
